C51 COMPILER V9.01   DELAY                                                                 08/30/2016 11:03:51 PAGE 1   


C51 COMPILER V9.01, COMPILATION OF MODULE DELAY
OBJECT MODULE PLACED IN ..\Output\delay.obj
COMPILER INVOKED BY: C:\Keil_v5\C51\BIN\C51.EXE delay.c BROWSE DEBUG OBJECTEXTEND PRINT(..\Listing\delay.lst) OBJECT(..\
                    -Output\delay.obj)

line level    source

   1          #include        "delay.h"
   2          
   3          u8 count_20ms;
   4          
   5          //========================================================================
   6          // 函数: void  delay_ms
   7          // 描述: 延时函数。
   8          // 参数: ms,要延时的ms数, 这里只支持20*256ms.
   9          // 返回: none.
  10          // 版本: VER1.0
  11          // 日期: 2013-4-1
  12          // 备注: 
  13          //========================================================================
  14          void Delay1ms()         //@11.0592MHz
  15          {
  16   1              unsigned char i, j;
  17   1      
  18   1              _nop_();
*** WARNING C206 IN LINE 18 OF DELAY.C: '_nop_': missing function-prototype
*** ERROR C264 IN LINE 18 OF DELAY.C: intrinsic '_nop_': declaration/activation error
  19   1              i = 2;
  20   1              j = 199;
  21   1              do
  22   1              {
  23   2                      while (--j);
  24   2              } while (--i);
  25   1      }
  26          
  27          void delay_ms(u16 ms)
  28          {
  29   1              u16 i;
  30   1              for(i=0;i<ms;i++)
  31   1                      Delay1ms(1);
  32   1      }
  33          

C51 COMPILATION COMPLETE.  1 WARNING(S),  1 ERROR(S)
