C51 COMPILER V9.00   MAIN                                                                  06/01/2017 21:02:27 PAGE 1   


C51 COMPILER V9.00, COMPILATION OF MODULE MAIN
OBJECT MODULE PLACED IN main.OBJ
COMPILER INVOKED BY: E:\2.DevelopSoft\Keil\C51\BIN\C51.EXE main.c BROWSE DEBUG OBJECTEXTEND

line level    source

   1          /*********************************************************************
   2                           作者：神秘藏宝室
   3                           店铺：ILoveMCU.taobao.com
   4          
   5                  本例程仅适用于在本店购买模块的用户使用，鄙视其它店铺的盗用行为
   6                  版权所有，盗版必究！！！
   7                  SIM800 GSM/GPRS模块
   8                  https://item.taobao.com/item.htm?id=521599424969
   9                  STC89C52最小系统：
  10                  https://item.taobao.com/item.htm?id=524713612727
  11                  STC12C5A60S2最小系统：
  12                  https://item.taobao.com/item.htm?id=524701473371
  13                  USB-TTL模块：
  14                  https://item.taobao.com/item.htm?id=39481188174
  15                  移动电源锂电池套装
  16                  https://item.taobao.com/item.htm?id=530904849115
  17                  移动场合供电用锂电池套装：
  18                  https://item.taobao.com/item.htm?id=530904849115
  19          *********************************************************************/
  20          
  21          #include "main.h"
  22          #include "uart.h"
  23          
  24          //常量
  25          #define Success 1U
  26          #define Failure 0U
  27          
  28          //定义变量
  29          unsigned long  Time_Cont = 0;       //定时器计数器
  30          
  31          char phoneNumber[] = "1771922xxxx";             //替换成需要被拨打电话的号码
  32          char msg[] = "ILoveMCU.taobao.com";             //短信内容      
  33          
  34          //****************************************************
  35          //主函数
  36          //****************************************************
  37          void main()
  38          {
  39   1      
  40   1          Uart_Init();                                                  
  41   1      
  42   1              if (sendCommand("AT\r\n", "OK\r\n", 3000, 10) == Success);
  43   1              else errorLog();
  44   1              delay_ms(10);
  45   1      
  46   1              if (sendCommand("AT+CPIN?\r\n", "READY", 1000, 10) == Success);
  47   1              else errorLog();
  48   1              delay_ms(10);
  49   1      
  50   1      
  51   1              if (sendCommand("AT+CMGF=1\r\n", "OK\r\n", 1000, 10) == Success);
  52   1              else errorLog();
  53   1              delay_ms(10);
  54   1      
  55   1              if (sendCommand("AT+CSMP=17,167,0,8\r\n", "OK\r\n", 3000, 10) == Success);
C51 COMPILER V9.00   MAIN                                                                  06/01/2017 21:02:27 PAGE 2   

  56   1              else errorLog();
  57   1              delay_ms(10);
  58   1      
  59   1              if (sendCommand("AT+CSCS=\"GSM\"\r\n", "OK\r\n", 1000, 10) == Success);
  60   1              else errorLog();
  61   1              delay_ms(10);
  62   1      
  63   1              sendMessage(phoneNumber,msg);           //发送短信
  64   1      
  65   1              while(1)
  66   1              {       
  67   2      
  68   2              }
  69   1      }
  70          
  71          void sendMessage(char *number,char *msg)
  72          {
  73   1              xdata char send_buf[20] = {0};
  74   1              memset(send_buf, 0, 20);    //清空
  75   1              strcpy(send_buf, "AT+CMGS=\"");
  76   1              strcat(send_buf, number);
  77   1              strcat(send_buf, "\"\r\n");
  78   1              if (sendCommand(send_buf, ">", 3000, 10) == Success);
  79   1              else errorLog();
  80   1      
  81   1              if (sendCommand(msg, msg, 3000, 10) == Success);
  82   1              else errorLog();
  83   1      
  84   1              memset(send_buf, 0, 40);    //清空
  85   1              send_buf[0] = 0x1a;
  86   1              send_buf[1] = '\0';
  87   1              if (sendCommand(send_buf, "OK\r\n", 10000, 5) == Success);
  88   1              else errorLog();
  89   1      }
  90          
  91          void phone(char *number)
  92          {
  93   1              char send_buf[20] = {0};
  94   1              memset(send_buf, 0, 20);    //清空
  95   1              strcpy(send_buf, "ATD");
  96   1              strcat(send_buf, number);
  97   1              strcat(send_buf, ";\r\n");
  98   1      
  99   1              if (sendCommand(send_buf, "OK\r\n", 10000, 10) == Success);
 100   1              else errorLog();
 101   1      }
 102          
 103          void errorLog()
 104          {
 105   1              while (1)
 106   1              {
 107   2                      if (sendCommand("AT\r\n", "OK\r\n", 100, 10) == Success)
 108   2                      {
 109   3                              soft_reset();
 110   3                      }
 111   2                      delay_ms(200);
 112   2              }
 113   1      }
 114          
 115          void soft_reset(void)    //制造重启命令
 116          {
 117   1         ((void (code *) (void)) 0x0000) ();
C51 COMPILER V9.00   MAIN                                                                  06/01/2017 21:02:27 PAGE 3   

 118   1      }
 119          
 120          unsigned int sendCommand(char *Command, char *Response, unsigned long Timeout, unsigned char Retry)
 121          {
 122   1              unsigned char n;
 123   1              CLR_Buf();
 124   1              for (n = 0; n < Retry; n++)
 125   1              {
 126   2                      SendString(Command);            //发送GPRS指令
 127   2      
 128   2                      Time_Cont = 0;
 129   2                      while (Time_Cont < Timeout)
 130   2                      {
 131   3                              delay_ms(100);
 132   3                              Time_Cont += 100;
 133   3                              if (strstr(Rec_Buf, Response) != NULL)
 134   3                              {
 135   4                                      
 136   4                                      CLR_Buf();
 137   4                                      return Success;
 138   4                              }
 139   3                              
 140   3                      }
 141   2                      Time_Cont = 0;
 142   2              }
 143   1              
 144   1              CLR_Buf();
 145   1              return Failure;
 146   1      }
 147          
 148          //****************************************************
 149          //MS延时函数(12M晶振下测试)
 150          //****************************************************
 151          void delay_ms(unsigned int n)
 152          {
 153   1              unsigned int  i,j;
 154   1                      for(i=0;i<n;i++)
 155   1                              for(j=0;j<123;j++);
 156   1      }


MODULE INFORMATION:   STATIC OVERLAYABLE
   CODE SIZE        =    826    ----
   CONSTANT SIZE    =    140    ----
   XDATA SIZE       =   ----      20
   PDATA SIZE       =   ----    ----
   DATA SIZE        =     36      41
   IDATA SIZE       =   ----    ----
   BIT SIZE         =   ----    ----
END OF MODULE INFORMATION.


C51 COMPILATION COMPLETE.  0 WARNING(S),  0 ERROR(S)
