C51 COMPILER V9.00   MAIN                                                                  06/02/2017 18:37:35 PAGE 1   


C51 COMPILER V9.00, COMPILATION OF MODULE MAIN
OBJECT MODULE PLACED IN main.OBJ
COMPILER INVOKED BY: E:\2.DevelopSoft\Keil\C51\BIN\C51.EXE main.c BROWSE DEBUG OBJECTEXTEND

line level    source

   1          /*********************************************************************
   2                           作者：神秘藏宝室
   3                           店铺：ILoveMCU.taobao.com
   4          
   5                  本例程仅适用于在本店购买模块的用户使用，鄙视其它店铺的盗用行为
   6                  版权所有，盗版必究！！！
   7                  SIM800 GSM/GPRS模块
   8                  https://item.taobao.com/item.htm?id=521599424969
   9                  STC89C52最小系统：
  10                  https://item.taobao.com/item.htm?id=524713612727
  11                  STC12C5A60S2最小系统：
  12                  https://item.taobao.com/item.htm?id=524701473371
  13                  USB-TTL模块：
  14                  https://item.taobao.com/item.htm?id=39481188174
  15                  移动电源锂电池套装
  16                  https://item.taobao.com/item.htm?id=530904849115
  17                  移动场合供电用锂电池套装：
  18                  https://item.taobao.com/item.htm?id=530904849115
  19          *********************************************************************/
  20          
  21          /**********************************************************************
  22                           功能描述：
  23                           发送短信 shutdown 或者 关机，关闭继电器。
  24                           发送短信 reboot 或者 重启，打开继电器
  25          ***********************************************************************/
  26          
  27          #include "main.h"
  28          #include "uart.h"
  29          
  30          //常量
  31          #define Success 1U
  32          #define Failure 0U
  33          
  34          //定义变量
  35          unsigned long  Time_Cont = 0;       //定时器计数器
  36          
  37          char phoneNumber[] = "1771922xxxx";             //替换成需要被拨打电话的号码
  38          char msg[] = "ILoveMCU.taobao.com";             //短信内容
  39          
  40          char xdata messageBuffer[100];
  41          bit isTimeOut = 0;
  42          
  43          //****************************************************
  44          //主函数
  45          //****************************************************
  46          void main()
  47          {
  48   1      
  49   1          Uart_Init();
  50   1      
  51   1              if (sendCommand("AT\r\n", "OK\r\n", 3000, 10) == Success);
  52   1              else errorLog();
  53   1              delay_ms(10);
  54   1      
  55   1              if (sendCommand("AT+CMGF=1\r\n", "OK\r\n", 1000, 10) == Success);
C51 COMPILER V9.00   MAIN                                                                  06/02/2017 18:37:35 PAGE 2   

  56   1              else errorLog();
  57   1              delay_ms(10);
  58   1      
  59   1              if (sendCommand("AT+CSCS=\"GSM\"\r\n", "OK\r\n", 1000, 10) == Success);
  60   1              else errorLog();
  61   1              delay_ms(10);
  62   1      
  63   1              if (sendCommand("AT+CNMI=2,2\r\n", "OK\r\n", 3000, 10) == Success);
  64   1              else errorLog();
  65   1              delay_ms(10);
  66   1      
  67   1      //      sendMessage(phoneNumber,msg);           //发送短信
  68   1      
  69   1      
  70   1              while(1)
  71   1              {       
  72   2                      if(isStartGetMessage)
  73   2                      {
  74   3                              isStartGetMessage = 0;
  75   3                              Time_Cont = 0;
  76   3                              
  77   3                              while (Time_Cont < 1000)        //等待1s接收短信数据
  78   3                              {
  79   4                                      delay_ms(100);
  80   4                                      Time_Cont += 100;
  81   4                              }
  82   3                              isGetMessage =  Success;
  83   3                      }
  84   2                      if( isGetMessage == Success)
  85   2                      {
  86   3                              parseMessage();
  87   3                                      
  88   3              
  89   3                              if(strstr(messageBuffer, "shutdown") != NULL || strstr(messageBuffer, "5173673A") != NULL)      //5173 673A 
             -//关机
  90   3                              {
  91   4                                      relay1 = 1;
  92   4                              }
  93   3              
  94   3              
  95   3                              if(strstr(messageBuffer, "reboot") != NULL || strstr(messageBuffer, "91CD542F") != NULL)        //91CD 542F //
             -重启
  96   3                              {
  97   4                                      relay1 = 0;
  98   4                              }
  99   3                              isGetMessage = Failure  ;
 100   3                      }
 101   2              }
 102   1      }
 103          
 104          void parseMessage()
 105          {
 106   1              char *messageHead=NULL;
 107   1              char *messageEnd1=NULL;
 108   1              char *messageEnd2=NULL;
 109   1      
 110   1              memset(messageBuffer, 0, sizeof(messageBuffer)-1);      //清空短信内容缓冲区
 111   1              messageHead = strstr(Rec_Buf, "CMT");
 112   1              if (messageHead != NULL)
 113   1              {
 114   2                      messageEnd1 = strstr(messageHead, "\n");
 115   2                      if (messageEnd1 != NULL)
C51 COMPILER V9.00   MAIN                                                                  06/02/2017 18:37:35 PAGE 3   

 116   2                      {
 117   3                              messageEnd1 ++;
 118   3                              messageEnd2 = strstr(messageEnd1, "\n");
 119   3                              if (messageEnd2 != NULL)
 120   3                              {       
 121   4                                      memcpy(messageBuffer, messageEnd1, messageEnd2 - messageEnd1);
 122   4              
 123   4                              }
 124   3                      }
 125   2      
 126   2              }
 127   1      
 128   1              CLR_Buf();
 129   1      }
 130          
 131          
 132          
 133          void sendMessage(char *number,char *msg)
 134          {
 135   1              xdata char send_buf[20] = {0};
 136   1              memset(send_buf, 0, 20);    //清空
 137   1              strcpy(send_buf, "AT+CMGS=\"");
 138   1              strcat(send_buf, number);
 139   1              strcat(send_buf, "\"\r\n");
 140   1              if (sendCommand(send_buf, ">", 3000, 10) == Success);
 141   1              else errorLog();
 142   1      
 143   1              SendString(msg);
 144   1      
 145   1              SendData(0x1A);
 146   1      }
 147          
 148          void phone(char *number)
 149          {
 150   1              char send_buf[20] = {0};
 151   1              memset(send_buf, 0, 20);    //清空
 152   1              strcpy(send_buf, "ATD");
 153   1              strcat(send_buf, number);
 154   1              strcat(send_buf, ";\r\n");
 155   1      
 156   1              if (sendCommand(send_buf, "SOUNDER", 10000, 10) == Success);
 157   1              else errorLog();
 158   1      }
 159          
 160          void errorLog()
 161          {
 162   1              while (1)
 163   1              {
 164   2                      if (sendCommand("AT\r\n", "OK", 100, 10) == Success)
 165   2                      {
 166   3                              soft_reset();
 167   3                      }
 168   2                      delay_ms(200);
 169   2              }
 170   1      }
 171          
 172          void soft_reset(void)    //制造重启命令
 173          {
 174   1         ((void (code *) (void)) 0x0000) ();
 175   1      }
 176          
 177          unsigned int sendCommand(char *Command, char *Response, unsigned long Timeout, unsigned char Retry)
C51 COMPILER V9.00   MAIN                                                                  06/02/2017 18:37:35 PAGE 4   

 178          {
 179   1              unsigned char n;
 180   1              CLR_Buf();
 181   1              for (n = 0; n < Retry; n++)
 182   1              {
 183   2                      SendString(Command);            //发送GPRS指令
 184   2      
 185   2                      Time_Cont = 0;
 186   2                      while (Time_Cont < Timeout)
 187   2                      {
 188   3                              delay_ms(100);
 189   3                              Time_Cont += 100;
 190   3                              if (strstr(Rec_Buf, Response) != NULL)
 191   3                              {
 192   4                                      
 193   4                                      CLR_Buf();
 194   4                                      return Success;
 195   4                              }
 196   3                              
 197   3                      }
 198   2                      Time_Cont = 0;
 199   2              }
 200   1              
 201   1              CLR_Buf();
 202   1              return Failure;
 203   1      }
 204          
 205          //****************************************************
 206          //MS延时函数(12M晶振下测试)
 207          //****************************************************
 208          void delay_ms(unsigned int n)
 209          {
 210   1              unsigned int  i,j;
 211   1                      for(i=0;i<n;i++)
 212   1                              for(j=0;j<123;j++);
 213   1      }


MODULE INFORMATION:   STATIC OVERLAYABLE
   CODE SIZE        =   1006    ----
   CONSTANT SIZE    =    167    ----
   XDATA SIZE       =    100      20
   PDATA SIZE       =   ----    ----
   DATA SIZE        =     36      50
   IDATA SIZE       =   ----    ----
   BIT SIZE         =      1    ----
END OF MODULE INFORMATION.


C51 COMPILATION COMPLETE.  0 WARNING(S),  0 ERROR(S)
