C51 COMPILER V9.01   UART                                                                  07/24/2016 14:48:12 PAGE 1   


C51 COMPILER V9.01, COMPILATION OF MODULE UART
OBJECT MODULE PLACED IN ..\Output\uart.obj
COMPILER INVOKED BY: C:\Keil_v5\C51\BIN\C51.EXE uart.c BROWSE DEBUG OBJECTEXTEND PRINT(..\Listing\uart.lst) OBJECT(..\Ou
                    -tput\uart.obj)

line level    source

   1          #include "uart.h"
   2          
   3          //注意：串口1，2都用独立波特率发生器
   4          void Uart1Init(void)            //115200bps@11.0592MHz
   5          {
   6   1              PCON &= 0x7F;           //波特率不倍速
   7   1              SCON    = 0x50;         //8位数据，可变波特率
   8   1              AUXR |= 0x04;           //1T模式
   9   1              BRT     = 0xFD;         //设置独立波特率发生器重装值
  10   1              AUXR |=0X01;            //串口1选择独立发生器为波特率发生器
  11   1              AUXR |=0X10;            //启动独立波特率发生器
  12   1              ES = 1;                                 //使能串口1中断
  13   1      }
  14          
  15          void Uart2Init(void)            //115200bps@11.0592MHz
  16          {
  17   1              AUXR &=0XF7;            //波特率不倍速
  18   1              S2CON = 0x50;           //8位数据，可变波特率
  19   1              AUXR |= 0x04;           //1T模式
  20   1              BRT     = 0xFD;         //设置独立波特率发生器重装值
  21   1              AUXR |=0X01;            //串口2选择独立发生器为波特率发生器
  22   1              AUXR |=0X10;            //启动独立波特率发生器
  23   1              IE2  |=0X01;            //使能串口2中断
  24   1      }
  25          
  26          /*----------------------------
  27          UART1 发送串口数据
  28          -----------------------------*/
  29          void UART1_SendData(u8 dat)
  30          {
  31   1              ES=0;                                   //关串口中断
  32   1              SBUF=dat;                       
  33   1              while(TI!=1);   //等待发送成功
  34   1              TI=0;                                   //清除发送中断标志
  35   1              ES=1;                                   //开串口中断
  36   1      }
  37          /*----------------------------
  38          UART1 发送字符串
  39          -----------------------------*/
  40          void UART1_SendString(char *s)
  41          {
  42   1              while(*s)//检测字符串结束符
  43   1              {
  44   2                      UART1_SendData(*s++);//发送当前字符
  45   2              }
  46   1      }
  47          
  48          /*----------------------------
  49          UART2 发送串口数据
  50          -----------------------------*/
  51          void UART2_SendData(u8 dat)
  52          {
  53   1              IE2 &= ~0x01;                                   //关串口中断
  54   1              S2BUF=dat;                      
C51 COMPILER V9.01   UART                                                                  07/24/2016 14:48:12 PAGE 2   

  55   1              while((S2CON&S2TI)!=S2TI);      //等待发送成功
  56   1              S2CON &= ~S2TI;                                 //清除发送中断标志
  57   1              IE2 = 0x01;                                     //开串口中断
  58   1      }
  59          /*----------------------------
  60          UART2 发送字符串
  61          -----------------------------*/
  62          //void UART2_SendString(char *s)
  63          //{
  64          //      while(*s)//检测字符串结束符
  65          //      {
  66          //              UART2_SendData(*s++);//发送当前字符
  67          //      }
  68          //}
  69          


MODULE INFORMATION:   STATIC OVERLAYABLE
   CODE SIZE        =    109    ----
   CONSTANT SIZE    =   ----    ----
   XDATA SIZE       =   ----    ----
   PDATA SIZE       =   ----    ----
   DATA SIZE        =   ----       3
   IDATA SIZE       =   ----    ----
   BIT SIZE         =   ----    ----
END OF MODULE INFORMATION.


C51 COMPILATION COMPLETE.  0 WARNING(S),  0 ERROR(S)
