C51 COMPILER V9.00   MAIN                                                                  05/12/2017 21:48:09 PAGE 1   


C51 COMPILER V9.00, COMPILATION OF MODULE MAIN
OBJECT MODULE PLACED IN .\list\main.obj
COMPILER INVOKED BY: E:\2.DevelopSoft\Keil\C51\BIN\C51.EXE main.c BROWSE DEBUG OBJECTEXTEND PRINT(.\list\main.lst) OBJEC
                    -T(.\list\main.obj)

line level    source

   1          /*********************************************************************
   2                           作者：神秘藏宝室
   3                           店铺：ILoveMCU.taobao.com
   4          
   5                  本例程仅适用于在本店购买模块的用户使用，鄙视其它店铺的盗用行为
   6                  版权所有，盗版必究！！！
   7                  A6模块链接：
   8                  A6 GSM/GPRS模块：       
   9                  https://item.taobao.com/item.htm?id=542988971078
  10                  A7 GSM/GPRS/GPS 三合一模块：
  11                  https://item.taobao.com/item.htm?id=542988971078
  12                  IAP15W4K58S4 STC15W4K56S4 最小系统：
  13                  https://item.taobao.com/item.htm?id=539809674723
  14                  USB-TTL模块：
  15                  https://item.taobao.com/item.htm?id=39481188174
  16                  移动场合供电用锂电池套装：
  17                  https://item.taobao.com/item.htm?id=530904849115
  18          
  19                  A7模块          STC15W最小系统
  20                  GND             -->             GND
  21                  U_TXD   -->             P0.0/RXD3
  22                  U_RXD   <--             P0.1/TXD3
  23          
  24                  GPS_TXD -->             P1.0/RXD2
  25          *********************************************************************/
  26          #include "main.h"
  27          #include "delay.h"
  28          #include "uart.h"
  29          
  30          #include <stdio.h>
  31          #include <stdlib.h>
  32          #include <string.h>
  33          
  34          
  35          /*************  功能说明        **************
  36          
  37          
  38          
  39          ******************************************/
  40          
  41          /*************  本地常量声明    **************/
  42          #define Success 1U
  43          #define Failure 0U
  44          
  45          /*************  本地变量声明    **************/
  46          unsigned long  Time_Cont = 0;       //定时器计数器
  47          bit ledState = LED_OFF;
  48          
  49          unsigned int gprsBufferCount = 0;
  50          char phoneNumber[] = "1771922xxxx";             //替换成需要被拨打电话的号码
  51          char msg[] = "ILoveMCU.taobao.com";             //短信内容      
  52          
  53          code char TCPServer[] = "122.228.19.57";                //TCP服务器地址
  54          code char Port[] = "30829";                                             //端口
C51 COMPILER V9.00   MAIN                                                                  05/12/2017 21:48:09 PAGE 2   

  55          
  56          unsigned int count = 0;
  57          
  58          /*************  本地函数声明    **************/
  59          
  60          void phone(char *number);
  61          void sendMessage(char *number,char *msg);
  62          
  63          /*************  外部函数和变量声明 *****************/
  64          
  65          
  66          
  67          /******************** IO配置函数 **************************/
  68          void    GPIO_config(void)
  69          {
  70   1              P5M0 = 0;               //设置准双向口
  71   1              P5M1 = 0;
  72   1      }
  73          
  74          
  75          
  76          /******************** 主函数 **************************/
  77          void main(void)
  78          {
  79   1              GPIO_config();
  80   1              UartInit();
  81   1      
  82   1              SendString("ILoveMCU.taobao.com");
  83   1              delay_ms(200);
  84   1              clrStruct();
  85   1      
  86   1              initGprs();
  87   1      
  88   1              while(1)
  89   1              {
  90   2                      char xdata send_buf[100] = {0};
  91   2                      memset(send_buf, 0, 100);    //清空
  92   2      
  93   2                      strcpy(send_buf, "AT+CIPSTART=\"TCP\",\"");
  94   2                      strcat(send_buf, TCPServer);
  95   2                      strcat(send_buf, "\",");
  96   2                      strcat(send_buf, Port);
  97   2                      strcat(send_buf, "\r\n");
  98   2                      if (sendCommand(send_buf, "CONNECT", 10000, 5) == Success);
  99   2                      else errorLog(6);
 100   2      
 101   2                      while(1)
 102   2                      {
 103   3                              //发送数据
 104   3                              if (sendCommand("AT+CIPSEND\r\n", ">", 3000, 5) == Success);
 105   3                              else errorLog(7);
 106   3              
 107   3                              memset(send_buf, 0, 100);    //清空
 108   3                              sprintf(send_buf,"ILoveMCU.taobao.com %d\r\n",count);
 109   3                              count++;
 110   3                              
 111   3              
 112   3                              if (sendCommand(send_buf, send_buf, 3000, 1) == Success);
 113   3                              else errorLog(8);
 114   3                              delay_ms(100);
 115   3              
 116   3                              memset(send_buf, 0, 100);    //清空
C51 COMPILER V9.00   MAIN                                                                  05/12/2017 21:48:09 PAGE 3   

 117   3                              send_buf[0] = 0x1a;
 118   3                              if (sendCommand(send_buf, send_buf, 3000, 5) == Success);
 119   3                              else errorLog(9);
 120   3                              delay_ms(100);  
 121   3                      }
 122   2      
 123   2                      if (sendCommand("AT+CIPCLOSE\r\n", "OK\r\n", 3000, 10) == Success);
 124   2                      else errorLog(10);
 125   2              
 126   2                      delay_ms(1000); 
 127   2                      
 128   2              }
 129   1      
 130   1      }
 131          
 132          void sendMessage(char *number,char *msg)
 133          {
 134   1              xdata char send_buf[20] = {0};
 135   1              memset(send_buf, 0, 20);    //清空
 136   1              strcpy(send_buf, "AT+CMGS=\"");
 137   1              strcat(send_buf, number);
 138   1              strcat(send_buf, "\"\r\n");
 139   1              if (sendCommand(send_buf, ">", 3000, 10) == Success);
 140   1              else errorLog(1);
 141   1              delay_ms(100);
 142   1      
 143   1              if (sendCommand(msg, msg, 3000, 5) == Success);
 144   1              else errorLog(2);
 145   1              delay_ms(100);
 146   1      
 147   1              memset(send_buf, 0, 20);    //清空
 148   1              send_buf[0] = 0x1a;
 149   1              if (sendCommand(send_buf, send_buf, 5000, 5) == Success);
 150   1              else errorLog(3);
 151   1              delay_ms(100);
 152   1      
 153   1      }
 154          
 155          void phone(char *number)
 156          {
 157   1              xdata char send_buf[30] = {0};
 158   1              memset(send_buf, 0, 20);    //清空
 159   1              strcpy(send_buf, "ATD");
 160   1              strcat(send_buf, number);
 161   1              strcat(send_buf, ";\r\n");
 162   1      
 163   1              if (sendCommand(send_buf, "SOUNDER", 10000, 10) == Success);
 164   1              else errorLog(5);
 165   1      }
 166          
 167          void initGprs()
 168          {
 169   1              if (sendCommand("AT\r\n", "OK", 3000, 10) == Success);
 170   1              else errorLog(1);
 171   1      
 172   1              if (sendCommand("AT+CPIN?\r\n", "READY", 1000, 10) == Success);
 173   1              else errorLog(2);
 174   1              delay_ms(10);
 175   1      
 176   1              if (sendCommand("AT+CGATT=1\r\n", "OK\r\n", 1000, 10) == Success);
 177   1              else errorLog(3);
 178   1              delay_ms(10);
C51 COMPILER V9.00   MAIN                                                                  05/12/2017 21:48:09 PAGE 4   

 179   1      
 180   1              if (sendCommand("AT+CGDCONT=1,\"IP\",\"CMNET\"\r\n", "OK\r\n", 1000, 10) == Success);
 181   1              else errorLog(4);
 182   1              delay_ms(10);
 183   1      
 184   1      
 185   1              if (sendCommand("AT+CGACT=1,1\r\n","OK\r\n", 10000, 10) == Success);
 186   1              else errorLog(5);
 187   1              delay_ms(10);
 188   1      
 189   1      }
 190          
 191          unsigned int sendCommand(char *Command, char *Response, unsigned long Timeout, unsigned char Retry)
 192          {
 193   1              unsigned char n;
 194   1              Uart3CLR_Buf();
 195   1              for (n = 0; n < Retry; n++)
 196   1              {
 197   2                      SendString("\r\n---------send AT Command:---------\r\n");
 198   2                      SendString(Command);
 199   2      
 200   2                      Uart3SendString(Command);               //发送GPRS指令
 201   2      
 202   2                      Time_Cont = 0;
 203   2                      while (Time_Cont < Timeout)
 204   2                      {
 205   3                              delay_ms(100);
 206   3                              Time_Cont += 100;
 207   3                              if (strstr(Uart3_Rec_Buf, Response) != NULL)
 208   3                              {
 209   4                                      SendString("\r\n==========receive AT Command:==========\r\n");
 210   4                                      SendString(Uart3_Rec_Buf); //输出接收到的信息
 211   4                                      Uart3CLR_Buf();
 212   4                                      return Success;
 213   4                              }
 214   3                              
 215   3                      }
 216   2                      Time_Cont = 0;
 217   2              }
 218   1              SendString("\r\n==========receive AT Command:==========\r\n");
 219   1              SendString(Uart3_Rec_Buf);//输出接收到的信息
 220   1              Uart3CLR_Buf();
 221   1              return Failure;
 222   1      }
 223          
 224          
 225          void soft_reset(void)    //制造重启命令
 226          {
 227   1         ((void (code *) (void)) 0x0000) ();
 228   1      }
 229          
 230          void errorLog(int num)
 231          {
 232   1              SendString("ERROR");
 233   1              SendData(num+0x30);
 234   1              SendString("\r\n");
 235   1              while (1)
 236   1              {
 237   2                      if (sendCommand("AT\r\n", "OK", 100, 10) == Success)
 238   2                      {
 239   3                              SendString("\r\nRESET!!!!!!\r\n");
 240   3                              soft_reset();
C51 COMPILER V9.00   MAIN                                                                  05/12/2017 21:48:09 PAGE 5   

 241   3                      }
 242   2                      delay_ms(200);
 243   2              }
 244   1      }
 245          
 246          
 247          void parseGpsBuffer()
 248          {
 249   1              char *subString;
 250   1              char *subStringNext;
 251   1              char i = 0;
 252   1              if (Save_Data.isGetData)
 253   1              {
 254   2                      Save_Data.isGetData = false;
 255   2                      SendString("**************\r\n");
 256   2                      SendString(Save_Data.GPS_Buffer);
 257   2      
 258   2                      
 259   2                      for (i = 0 ; i <= 6 ; i++)
 260   2                      {
 261   3                              if (i == 0)
 262   3                              {
 263   4                                      if ((subString = strstr(Save_Data.GPS_Buffer, ",")) == NULL)
 264   4                                              errorLog(1);    //解析错误
 265   4                              }
 266   3                              else
 267   3                              {
 268   4                                      subString++;
 269   4                                      if ((subStringNext = strstr(subString, ",")) != NULL)
 270   4                                      {
 271   5                                              char usefullBuffer[2]; 
 272   5                                              switch(i)
 273   5                                              {
 274   6                                                      case 1:memcpy(Save_Data.UTCTime, subString, subStringNext - subString);break;   //获取UTC时间
 275   6                                                      case 2:memcpy(usefullBuffer, subString, subStringNext - subString);break;       //获取UTC时间
 276   6                                                      case 3:memcpy(Save_Data.latitude, subString, subStringNext - subString);break;  //获取纬度信息
 277   6                                                      case 4:memcpy(Save_Data.N_S, subString, subStringNext - subString);break;       //获取N/S
 278   6                                                      case 5:memcpy(Save_Data.longitude, subString, subStringNext - subString);break; //获取经度信息
 279   6                                                      case 6:memcpy(Save_Data.E_W, subString, subStringNext - subString);break;       //获取E/W
 280   6      
 281   6                                                      default:break;
 282   6                                              }
 283   5      
 284   5                                              subString = subStringNext;
 285   5                                              Save_Data.isParseData = true;
 286   5                                              if(usefullBuffer[0] == 'A')
 287   5                                                      Save_Data.isUsefull = true;
 288   5                                              else if(usefullBuffer[0] == 'V')
 289   5                                                      Save_Data.isUsefull = false;
 290   5      
 291   5                                      }
 292   4                                      else
 293   4                                      {
 294   5                                              errorLog(2);    //解析错误
 295   5                                      }
 296   4                              }
 297   3      
 298   3      
 299   3                      }
 300   2              }
 301   1      }
 302          
C51 COMPILER V9.00   MAIN                                                                  05/12/2017 21:48:09 PAGE 6   

 303          void printGpsBuffer()
 304          {
 305   1              if (Save_Data.isParseData)
 306   1              {
 307   2                      Save_Data.isParseData = false;
 308   2                      
 309   2                      SendString("Save_Data.UTCTime = ");
 310   2                      SendString(Save_Data.UTCTime);
 311   2                      SendString("\r\n");
 312   2      
 313   2                      if(Save_Data.isUsefull)
 314   2                      {
 315   3                              Save_Data.isUsefull = false;
 316   3                              SendString("Save_Data.latitude = ");
 317   3                              SendString(Save_Data.latitude);
 318   3                              SendString("\r\n");
 319   3      
 320   3      
 321   3                              SendString("Save_Data.N_S = ");
 322   3                              SendString(Save_Data.N_S);
 323   3                              SendString("\r\n");
 324   3      
 325   3                              SendString("Save_Data.longitude = ");
 326   3                              SendString(Save_Data.longitude);
 327   3                              SendString("\r\n");
 328   3      
 329   3                              SendString("Save_Data.E_W = ");
 330   3                              SendString(Save_Data.E_W);
 331   3                              SendString("\r\n");
 332   3      
 333   3                              LED = ledState;
 334   3                              ledState = ~ledState;
 335   3      
 336   3                      }
 337   2                      else
 338   2                      {
 339   3                              SendString("GPS DATA is not usefull!\r\n");
 340   3                      }
 341   2                      
 342   2              }
 343   1      }
 344          
 345          
 346          void clrStruct()
 347          {
 348   1              Save_Data.isGetData = false;
 349   1              Save_Data.isParseData = false;
 350   1              Save_Data.isUsefull = false;
 351   1              memset(Save_Data.GPS_Buffer, 0, GPS_Buffer_Length);      //清空
 352   1              memset(Save_Data.UTCTime, 0, UTCTime_Length);
 353   1              memset(Save_Data.latitude, 0, latitude_Length);
 354   1              memset(Save_Data.N_S, 0, N_S_Length);
 355   1              memset(Save_Data.longitude, 0, longitude_Length);
 356   1              memset(Save_Data.E_W, 0, E_W_Length);
 357   1              
 358   1      }


MODULE INFORMATION:   STATIC OVERLAYABLE
   CODE SIZE        =   1914    ----
   CONSTANT SIZE    =    645    ----
   XDATA SIZE       =   ----     150
C51 COMPILER V9.00   MAIN                                                                  05/12/2017 21:48:09 PAGE 7   

   PDATA SIZE       =   ----    ----
   DATA SIZE        =     40      32
   IDATA SIZE       =   ----    ----
   BIT SIZE         =      1    ----
END OF MODULE INFORMATION.


C51 COMPILATION COMPLETE.  0 WARNING(S),  0 ERROR(S)
