C51 COMPILER V9.00   UART                                                                  06/20/2017 11:26:48 PAGE 1   


C51 COMPILER V9.00, COMPILATION OF MODULE UART
OBJECT MODULE PLACED IN uart.OBJ
COMPILER INVOKED BY: E:\2.DevelopSoft\Keil\C51\BIN\C51.EXE uart.c BROWSE DEBUG OBJECTEXTEND

line level    source

   1          /******************************************************************
   2                  作者：神秘藏宝室
   3                  店铺：ILoveMCU.taobao.com
   4                  最终解释权归原作者所有，鄙视其他店铺不劳而获的抄袭行为！
   5          ******************************************************************/
   6          #include "uart.h"
   7          
   8          char idata gpsRxBuffer[gpsRxBufferLength];
   9          unsigned char RX_Count = 0;
  10          _SaveData Save_Data;
  11          
  12          void Uart_Init()                                                                   
  13          {
  14   1              SCON=0x50; //串口工作方式1，8位UART，波特率可变  
  15   1           TH2=0xFF;           
  16   1           TL2=0xFD;    //波特率:115200 晶振=11.0592MHz 
  17   1           RCAP2H=0xFF;   
  18   1           RCAP2L=0xFD; //16位自动再装入值
  19   1      
  20   1      
  21   1      
  22   1      /*****************/
  23   1           TCLK=1;   
  24   1           RCLK=1;   
  25   1           C_T2=0;   
  26   1           EXEN2=0; //波特率发生器工作方式
  27   1      
  28   1      
  29   1      
  30   1      /*****************/
  31   1          TR2=1 ; //定时器2开始
  32   1      
  33   1              EA   = 1;     //打开全局中断控制
  34   1              ES   = 1;     //串行口中断      
  35   1      }
  36          
  37          void UartPrintf(unsigned char *p)                               //发送字符串
  38          {       
  39   1              while(*p)
  40   1              {
  41   2                      SBUF=*(p++);
  42   2                      while(TI==0)
  43   2                      {
  44   3      
  45   3                      };
  46   2                      TI=0;
  47   2              }   
  48   1      }
  49          
  50          void UartPrintASCII(unsigned char c)                            //发送一个字符
  51          { 
  52   1          TI=0;   
  53   1          SBUF=c;   
  54   1          while(TI==0);   
  55   1          TI=0;   
C51 COMPILER V9.00   UART                                                                  06/20/2017 11:26:48 PAGE 2   

  56   1      }
  57          
  58          
  59          void RECEIVE_DATA(void) interrupt 4 using 3                     
  60          { 
  61   1              unsigned char temp = 0;
  62   1              char i = 0;
  63   1              ES=0;
  64   1              temp = SBUF;
  65   1              RI = 0;
  66   1              
  67   1              if(temp == '$')
  68   1              {
  69   2                      RX_Count = 0;   
  70   2              }
  71   1                      
  72   1              if(RX_Count <= 5)
  73   1              {
  74   2                 gpsRxBuffer[RX_Count++] = temp;
  75   2              }
  76   1              else if(gpsRxBuffer[0] == '$' &gpsRxBuffer[4] == 'M' && gpsRxBuffer[5] == 'C')                  //确定是否收到"GPRMC/GNR
             -MC"这一帧数据
  77   1              {
  78   2                      gpsRxBuffer[RX_Count++] = temp;
  79   2                      if(temp == '\n')                                                                           
  80   2                      {
  81   3                              memset(Save_Data.GPS_Buffer, 0, GPS_Buffer_Length);      //清空
  82   3                              memcpy(Save_Data.GPS_Buffer, gpsRxBuffer, RX_Count);    //保存数据
  83   3                              Save_Data.isGetData = true;
  84   3                              RX_Count = 0;
  85   3                              memset(gpsRxBuffer, 0, gpsRxBufferLength);      //清空                          
  86   3                      }
  87   2                      
  88   2                      if(RX_Count >= 75)
  89   2                      {
  90   3                              RX_Count = 75;
  91   3                              gpsRxBuffer[RX_Count] = '\0';//添加结束符
  92   3                      }                       
  93   2              }
  94   1              ES=1; 
  95   1      }
  96          
  97          void clrStruct()
  98          {
  99   1              Save_Data.isGetData = false;
 100   1              Save_Data.isParseData = false;
 101   1              Save_Data.isUsefull = false;
 102   1              memset(Save_Data.GPS_Buffer, 0, GPS_Buffer_Length);      //清空
 103   1              memset(Save_Data.UTCTime, 0, UTCTime_Length);
 104   1              memset(Save_Data.latitude, 0, latitude_Length);
 105   1              memset(Save_Data.N_S, 0, N_S_Length);
 106   1              memset(Save_Data.longitude, 0, longitude_Length);
 107   1              memset(Save_Data.E_W, 0, E_W_Length);
 108   1              
 109   1      }
 110          
 111          
 112          
 113          
 114          
 115          
 116          
C51 COMPILER V9.00   UART                                                                  06/20/2017 11:26:48 PAGE 3   

 117          
 118          
 119          
 120          
 121          
 122          
 123          
 124          
 125          
 126          
 127          
 128          
 129          
 130          
 131          
 132          
 133          


MODULE INFORMATION:   STATIC OVERLAYABLE
   CODE SIZE        =    361    ----
   CONSTANT SIZE    =   ----    ----
   XDATA SIZE       =    121    ----
   PDATA SIZE       =   ----    ----
   DATA SIZE        =      1       4
   IDATA SIZE       =     76    ----
   BIT SIZE         =   ----    ----
END OF MODULE INFORMATION.


C51 COMPILATION COMPLETE.  0 WARNING(S),  0 ERROR(S)
